<?xml version="1.0" encoding="UTF-8"?>
<testng-results total="1" passed="1" failed="0" skipped="0">
  <reporter-output>
  </reporter-output>
  <suite started-at="2023-03-10T21:30:48Z" name="Default suite" finished-at="2023-03-10T21:30:48Z" duration-ms="37">
    <groups>
    </groups>
    <test started-at="2023-03-10T21:30:48Z" name="Default test" finished-at="2023-03-10T21:30:48Z" duration-ms="37">
      <class name="Section14.test1">
        <test-method signature="streamCollect()[pri:0, instance:Section14.test1@39ac0c0a]" started-at="2023-03-10T21:30:48Z" name="streamCollect" finished-at="2023-03-10T21:30:48Z" duration-ms="24" status="PASS">
          <reporter-output>
          </reporter-output>
        </test-method> <!-- streamCollect -->
      </class> <!-- Section14.test1 -->
    </test> <!-- Default test -->
  </suite> <!-- Default suite -->
</testng-results>
